[dogin.meme/index.html]
[backblue.gif]
[fade.gif]
[index.html]
[dogin.meme/assets/css/bootstrap.min.css]
[dogin.meme/assets/scss/main.css]
[cdnjs.cloudflare.com/ajax/libs/font-awesome/5.15.3/css/all.min.css]
[cdnjs.cloudflare.com/ajax/libs/slick-carousel/1.8.1/slick.css]
[cdnjs.cloudflare.com/ajax/libs/slick-carousel/1.8.1/slick-theme.css]
[dogin.meme/assets/images/favicon.ico]
[dogin.meme/assets/images/icon01.webp]
[dogin.meme/assets/images/icon02.webp]
[dogin.meme/assets/images/icon03.webp]
[dogin.meme/assets/images/icon04.webp]
[dogin.meme/assets/images/icon05.webp]
[dogin.meme/assets/images/icon06.webp]
[dogin.meme/assets/images/icon07.webp]
[dogin.meme/assets/images/img04.webp]
[dogin.meme/assets/images/img02.webp]
[dogin.meme/assets/images/img01.webp]
[dogin.meme/assets/images/img05.webp]
[dogin.meme/assets/images/img06.webp]
[dogin.meme/assets/images/img07.webp]
[dogin.meme/assets/images/img03.webp]
[dogin.meme/assets/images/icon08.webp]
[dogin.meme/assets/images/icon09.webp]
[dogin.meme/assets/images/icon10.webp]
[dogin.meme/assets/images/icon11.webp]
[dogin.meme/assets/images/icon12.webp]
[dogin.meme/assets/images/icon13.webp]
[dogin.meme/assets/images/icon14.webp]
[dogin.meme/assets/images/icon15.webp]
[dogin.meme/assets/js/bootstrap.bundle.min.js]
[cdnjs.cloudflare.com/ajax/libs/jquery/2.1.3/jquery.min.js]
[cdnjs.cloudflare.com/ajax/libs/slick-carousel/1.8.1/slick.js]
[dogin.meme/assets/js/app.js]
[dogin.meme/index.html]
[dogin.meme/assets/css/bootstrap.min.css]
[dogin.meme/assets/fonts/Birdgo.eot]
[dogin.meme/assets/fonts/Birdgod41d.eot]
[dogin.meme/assets/fonts/Birdgo.woff2]
[dogin.meme/assets/fonts/Birdgo.woff]
[dogin.meme/assets/fonts/Birdgo.ttf]
[dogin.meme/assets/fonts/Birdgo.svg]
[dogin.meme/assets/fonts/SweetiePotato.eot]
[dogin.meme/assets/fonts/SweetiePotatod41d.eot]
[dogin.meme/assets/fonts/SweetiePotato.woff2]
[dogin.meme/assets/fonts/SweetiePotato.woff]
[dogin.meme/assets/fonts/SweetiePotato.ttf]
[dogin.meme/assets/fonts/SweetiePotato.svg]
[dogin.meme/assets/images/bg01.webp]
[dogin.meme/assets/images/bg02.webp]
[dogin.meme/assets/images/bg03.webp]
[dogin.meme/assets/images/bg04.webp]
[dogin.meme/assets/images/bg05.webp]
[dogin.meme/assets/images/bg06.webp]
[dogin.meme/assets/scss/main.css]
[cdnjs.cloudflare.com/ajax/libs/font-awesome/5.15.3/css/all.min.css]
[cdnjs.cloudflare.com/ajax/libs/slick-carousel/1.8.1/slick.css]
[cdnjs.cloudflare.com/ajax/libs/slick-carousel/1.8.1/ajax-loader.gif]
[cdnjs.cloudflare.com/ajax/libs/slick-carousel/1.8.1/fonts/slick.eot]
[cdnjs.cloudflare.com/ajax/libs/slick-carousel/1.8.1/fonts/slickd41d.eot]
[cdnjs.cloudflare.com/ajax/libs/slick-carousel/1.8.1/fonts/slick.woff]
[cdnjs.cloudflare.com/ajax/libs/slick-carousel/1.8.1/fonts/slick.ttf]
[cdnjs.cloudflare.com/ajax/libs/slick-carousel/1.8.1/fonts/slick.svg]
[cdnjs.cloudflare.com/ajax/libs/slick-carousel/1.8.1/slick-theme.css]
[dogin.meme/assets/fonts/Birdgo.svg]
[dogin.meme/assets/fonts/SweetiePotato.svg]
[cdnjs.cloudflare.com/ajax/libs/slick-carousel/1.8.1/fonts/slick.svg]
